2019-11-24 22:50:30.825  INFO 3295 --- [main] m.w.s.Application                        : Starting Application on gimtaeugs-MacBook-Pro.local with PID 3295 (/Users/wook/Development/springboot-whiteship/spring-boot-log/target/classes started by wook in /Users/wook/Development/springboot-whiteship/spring-boot-log)
2019-11-24 22:50:30.828 DEBUG 3295 --- [main] m.w.s.Application                        : Running with Spring Boot v2.0.3.RELEASE, Spring v5.0.7.RELEASE
2019-11-24 22:50:30.829  INFO 3295 --- [main] m.w.s.Application                        : No active profile set, falling back to default profiles: default
2019-11-24 22:50:30.855  INFO 3295 --- [main] ConfigServletWebServerApplicationContext : Refreshing org.springframework.boot.web.servlet.context.AnnotationConfigServletWebServerApplicationContext@4b213651: startup date [Sun Nov 24 22:50:30 KST 2019]; root of context hierarchy
2019-11-24 22:50:31.473  INFO 3295 --- [main] o.s.b.w.e.t.TomcatWebServer              : Tomcat initialized with port(s): 8080 (http)
2019-11-24 22:50:31.493  INFO 3295 --- [main] o.a.c.c.StandardService                  : Starting service [Tomcat]
2019-11-24 22:50:31.494  INFO 3295 --- [main] o.a.c.c.StandardEngine                   : Starting Servlet Engine: Apache Tomcat/8.5.31
2019-11-24 22:50:31.503  INFO 3295 --- [localhost-startStop-1] o.a.c.c.AprLifecycleListener             : The APR based Apache Tomcat Native library which allows optimal performance in production environments was not found on the java.library.path: [/Users/wook/Library/Java/Extensions:/Library/Java/Extensions:/Network/Library/Java/Extensions:/System/Library/Java/Extensions:/usr/lib/java:.]
2019-11-24 22:50:31.547  INFO 3295 --- [localhost-startStop-1] o.a.c.c.C.[.[.[/]                        : Initializing Spring embedded WebApplicationContext
2019-11-24 22:50:31.548  INFO 3295 --- [localhost-startStop-1] o.s.w.c.ContextLoader                    : Root WebApplicationContext: initialization completed in 696 ms
2019-11-24 22:50:31.633  INFO 3295 --- [localhost-startStop-1] o.s.b.w.s.ServletRegistrationBean        : Servlet dispatcherServlet mapped to [/]
2019-11-24 22:50:31.635  INFO 3295 --- [localhost-startStop-1] o.s.b.w.s.FilterRegistrationBean         : Mapping filter: 'characterEncodingFilter' to: [/*]
2019-11-24 22:50:31.636  INFO 3295 --- [localhost-startStop-1] o.s.b.w.s.FilterRegistrationBean         : Mapping filter: 'hiddenHttpMethodFilter' to: [/*]
2019-11-24 22:50:31.636  INFO 3295 --- [localhost-startStop-1] o.s.b.w.s.FilterRegistrationBean         : Mapping filter: 'httpPutFormContentFilter' to: [/*]
2019-11-24 22:50:31.636  INFO 3295 --- [localhost-startStop-1] o.s.b.w.s.FilterRegistrationBean         : Mapping filter: 'requestContextFilter' to: [/*]
2019-11-24 22:50:31.713  INFO 3295 --- [main] o.s.w.s.h.SimpleUrlHandlerMapping        : Mapped URL path [/**/favicon.ico] onto handler of type [class org.springframework.web.servlet.resource.ResourceHttpRequestHandler]
2019-11-24 22:50:31.829  INFO 3295 --- [main] s.w.s.m.m.a.RequestMappingHandlerAdapter : Looking for @ControllerAdvice: org.springframework.boot.web.servlet.context.AnnotationConfigServletWebServerApplicationContext@4b213651: startup date [Sun Nov 24 22:50:30 KST 2019]; root of context hierarchy
2019-11-24 22:50:31.859  INFO 3295 --- [main] s.w.s.m.m.a.RequestMappingHandlerMapping : Mapped "{[/error]}" onto public org.springframework.http.ResponseEntity<java.util.Map<java.lang.String, java.lang.Object>> org.springframework.boot.autoconfigure.web.servlet.error.BasicErrorController.error(javax.servlet.http.HttpServletRequest)
2019-11-24 22:50:31.859  INFO 3295 --- [main] s.w.s.m.m.a.RequestMappingHandlerMapping : Mapped "{[/error],produces=[text/html]}" onto public org.springframework.web.servlet.ModelAndView org.springframework.boot.autoconfigure.web.servlet.error.BasicErrorController.errorHtml(javax.servlet.http.HttpServletRequest,javax.servlet.http.HttpServletResponse)
2019-11-24 22:50:31.873  INFO 3295 --- [main] o.s.w.s.h.SimpleUrlHandlerMapping        : Mapped URL path [/webjars/**] onto handler of type [class org.springframework.web.servlet.resource.ResourceHttpRequestHandler]
2019-11-24 22:50:31.873  INFO 3295 --- [main] o.s.w.s.h.SimpleUrlHandlerMapping        : Mapped URL path [/**] onto handler of type [class org.springframework.web.servlet.resource.ResourceHttpRequestHandler]
2019-11-24 22:50:31.961  INFO 3295 --- [main] o.s.j.e.a.AnnotationMBeanExporter        : Registering beans for JMX exposure on startup
2019-11-24 22:50:31.981  INFO 3295 --- [main] o.s.b.w.e.t.TomcatWebServer              : Tomcat started on port(s): 8080 (http) with context path ''
2019-11-24 22:50:31.984  INFO 3295 --- [main] m.w.s.Application                        : Started Application in 1.394 seconds (JVM running for 1.961)
2019-11-24 22:50:31.985 DEBUG 3295 --- [main] m.w.s.r.SampleRunner                     : ==========================
2019-11-24 22:50:31.985 DEBUG 3295 --- [main] m.w.s.r.SampleRunner                     : taewook
2019-11-24 22:50:31.985 DEBUG 3295 --- [main] m.w.s.r.SampleRunner                     : ==========================
